./wscript:130:              target="_pyrpc",
./CMakeLists.txt:93:    "rrr/pylib/simplerpc/_pyrpc.cpp"
./rrr/pylib/simplerpc/marshal.py:2:from simplerpc import _pyrpc
./rrr/pylib/simplerpc/marshal.py:21:            self.id = _pyrpc.init_marshal()
./rrr/pylib/simplerpc/marshal.py:28:            _pyrpc.fini_marshal(self.id)
./rrr/pylib/simplerpc/marshal.py:31:        return _pyrpc.marshal_size(self.id)
./rrr/pylib/simplerpc/marshal.py:34:        _pyrpc.marshal_write_i8(self.id, i8)
./rrr/pylib/simplerpc/marshal.py:37:        return _pyrpc.marshal_read_i8(self.id)
./rrr/pylib/simplerpc/marshal.py:40:        _pyrpc.marshal_write_i16(self.id, i16)
./rrr/pylib/simplerpc/marshal.py:43:        return _pyrpc.marshal_read_i16(self.id)
./rrr/pylib/simplerpc/marshal.py:46:        _pyrpc.marshal_write_i32(self.id, i32)
./rrr/pylib/simplerpc/marshal.py:49:        return _pyrpc.marshal_read_i32(self.id)
./rrr/pylib/simplerpc/marshal.py:52:        _pyrpc.marshal_write_i64(self.id, i64)
./rrr/pylib/simplerpc/marshal.py:55:        return _pyrpc.marshal_read_i64(self.id)
./rrr/pylib/simplerpc/marshal.py:58:        _pyrpc.marshal_write_v32(self.id, v32)
./rrr/pylib/simplerpc/marshal.py:61:        return _pyrpc.marshal_read_v32(self.id)
./rrr/pylib/simplerpc/marshal.py:64:        _pyrpc.marshal_write_v64(self.id, v64)
./rrr/pylib/simplerpc/marshal.py:67:        return _pyrpc.marshal_read_v64(self.id)
./rrr/pylib/simplerpc/marshal.py:70:        _pyrpc.marshal_write_double(self.id, dbl)
./rrr/pylib/simplerpc/marshal.py:73:        return _pyrpc.marshal_read_double(self.id)
./rrr/pylib/simplerpc/marshal.py:76:        _pyrpc.marshal_write_str(self.id, s)
./rrr/pylib/simplerpc/marshal.py:79:        return _pyrpc.marshal_read_str(self.id)
Binary file ./rrr/pylib/simplerpc/_pyrpc.so matches
Binary file ./rrr/pylib/simplerpc/__pycache__/marshal.cpython-35.pyc matches
Binary file ./rrr/pylib/simplerpc/__pycache__/future.cpython-35.pyc matches
Binary file ./rrr/pylib/simplerpc/__pycache__/server.cpython-35.pyc matches
Binary file ./rrr/pylib/simplerpc/__pycache__/client.cpython-35.pyc matches
./rrr/pylib/simplerpc/_pyrpc.cpp:22:static PyObject* _pyrpc_init_server(PyObject* self, PyObject* args) {
./rrr/pylib/simplerpc/_pyrpc.cpp:36:static PyObject* _pyrpc_fini_server(PyObject* self, PyObject* args) {
./rrr/pylib/simplerpc/_pyrpc.cpp:52:static PyObject* _pyrpc_server_start(PyObject* self, PyObject* args) {
./rrr/pylib/simplerpc/_pyrpc.cpp:63:static PyObject* _pyrpc_server_unreg(PyObject* self, PyObject* args) {
./rrr/pylib/simplerpc/_pyrpc.cpp:74:static PyObject* _pyrpc_server_reg(PyObject* self, PyObject* args) {
./rrr/pylib/simplerpc/_pyrpc.cpp:127:static PyObject* _pyrpc_init_poll_mgr(PyObject* self, PyObject* args) {
./rrr/pylib/simplerpc/_pyrpc.cpp:133:static PyObject* _pyrpc_init_client(PyObject* self, PyObject* args) {
./rrr/pylib/simplerpc/_pyrpc.cpp:143:static PyObject* _pyrpc_fini_client(PyObject* self, PyObject* args) {
./rrr/pylib/simplerpc/_pyrpc.cpp:153:static PyObject* _pyrpc_client_connect(PyObject* self, PyObject* args) {
./rrr/pylib/simplerpc/_pyrpc.cpp:164:static PyObject* _pyrpc_client_async_call(PyObject* self, PyObject* args) {
./rrr/pylib/simplerpc/_pyrpc.cpp:193:static PyObject* _pyrpc_client_sync_call(PyObject* self, PyObject* args) {
./rrr/pylib/simplerpc/_pyrpc.cpp:237:static PyObject* _pyrpc_init_marshal(PyObject* self, PyObject* args) {
./rrr/pylib/simplerpc/_pyrpc.cpp:243:static PyObject* _pyrpc_fini_marshal(PyObject* self, PyObject* args) {
./rrr/pylib/simplerpc/_pyrpc.cpp:254:static PyObject* _pyrpc_marshal_size(PyObject* self, PyObject* args) {
./rrr/pylib/simplerpc/_pyrpc.cpp:263:static PyObject* _pyrpc_marshal_write_i8(PyObject* self, PyObject* args) {
./rrr/pylib/simplerpc/_pyrpc.cpp:276:static PyObject* _pyrpc_marshal_read_i8(PyObject* self, PyObject* args) {
./rrr/pylib/simplerpc/_pyrpc.cpp:288:static PyObject* _pyrpc_marshal_write_i16(PyObject* self, PyObject* args) {
./rrr/pylib/simplerpc/_pyrpc.cpp:301:static PyObject* _pyrpc_marshal_read_i16(PyObject* self, PyObject* args) {
./rrr/pylib/simplerpc/_pyrpc.cpp:313:static PyObject* _pyrpc_marshal_write_i32(PyObject* self, PyObject* args) {
./rrr/pylib/simplerpc/_pyrpc.cpp:326:static PyObject* _pyrpc_marshal_read_i32(PyObject* self, PyObject* args) {
./rrr/pylib/simplerpc/_pyrpc.cpp:338:static PyObject* _pyrpc_marshal_write_i64(PyObject* self, PyObject* args) {
./rrr/pylib/simplerpc/_pyrpc.cpp:351:static PyObject* _pyrpc_marshal_read_i64(PyObject* self, PyObject* args) {
./rrr/pylib/simplerpc/_pyrpc.cpp:363:static PyObject* _pyrpc_marshal_write_v32(PyObject* self, PyObject* args) {
./rrr/pylib/simplerpc/_pyrpc.cpp:376:static PyObject* _pyrpc_marshal_read_v32(PyObject* self, PyObject* args) {
./rrr/pylib/simplerpc/_pyrpc.cpp:388:static PyObject* _pyrpc_marshal_write_v64(PyObject* self, PyObject* args) {
./rrr/pylib/simplerpc/_pyrpc.cpp:401:static PyObject* _pyrpc_marshal_read_v64(PyObject* self, PyObject* args) {
./rrr/pylib/simplerpc/_pyrpc.cpp:414:static PyObject* _pyrpc_marshal_write_double(PyObject* self, PyObject* args) {
./rrr/pylib/simplerpc/_pyrpc.cpp:426:static PyObject* _pyrpc_marshal_read_double(PyObject* self, PyObject* args) {
./rrr/pylib/simplerpc/_pyrpc.cpp:439:static PyObject* _pyrpc_marshal_write_str(PyObject* self, PyObject* args) {
./rrr/pylib/simplerpc/_pyrpc.cpp:452:static PyObject* _pyrpc_marshal_read_str(PyObject* self, PyObject* args) {
./rrr/pylib/simplerpc/_pyrpc.cpp:465:static PyObject* _pyrpc_future_wait(PyObject* self, PyObject* args) {
./rrr/pylib/simplerpc/_pyrpc.cpp:494:static PyObject* _pyrpc_future_timedwait(PyObject* self, PyObject* args) {
./rrr/pylib/simplerpc/_pyrpc.cpp:526:static PyObject* _pyrpc_helper_decr_ref(PyObject* self, PyObject* args) {
./rrr/pylib/simplerpc/_pyrpc.cpp:535:static PyMethodDef _pyrpcMethods[] = {
./rrr/pylib/simplerpc/_pyrpc.cpp:536:    {"init_server", _pyrpc_init_server, METH_VARARGS, NULL},
./rrr/pylib/simplerpc/_pyrpc.cpp:537:    {"fini_server", _pyrpc_fini_server, METH_VARARGS, NULL},
./rrr/pylib/simplerpc/_pyrpc.cpp:538:    {"server_start", _pyrpc_server_start, METH_VARARGS, NULL},
./rrr/pylib/simplerpc/_pyrpc.cpp:539:    {"server_unreg", _pyrpc_server_unreg, METH_VARARGS, NULL},
./rrr/pylib/simplerpc/_pyrpc.cpp:540:    {"server_reg", _pyrpc_server_reg, METH_VARARGS, NULL},
./rrr/pylib/simplerpc/_pyrpc.cpp:542:    {"init_poll_mgr", _pyrpc_init_poll_mgr, METH_VARARGS, NULL},
./rrr/pylib/simplerpc/_pyrpc.cpp:544:    {"init_client", _pyrpc_init_client, METH_VARARGS, NULL},
./rrr/pylib/simplerpc/_pyrpc.cpp:545:    {"fini_client", _pyrpc_fini_client, METH_VARARGS, NULL},
./rrr/pylib/simplerpc/_pyrpc.cpp:546:    {"client_connect", _pyrpc_client_connect, METH_VARARGS, NULL},
./rrr/pylib/simplerpc/_pyrpc.cpp:547:    {"client_async_call", _pyrpc_client_async_call, METH_VARARGS, NULL},
./rrr/pylib/simplerpc/_pyrpc.cpp:548:    {"client_sync_call", _pyrpc_client_sync_call, METH_VARARGS, NULL},
./rrr/pylib/simplerpc/_pyrpc.cpp:550:    {"init_marshal", _pyrpc_init_marshal, METH_VARARGS, NULL},
./rrr/pylib/simplerpc/_pyrpc.cpp:551:    {"fini_marshal", _pyrpc_fini_marshal, METH_VARARGS, NULL},
./rrr/pylib/simplerpc/_pyrpc.cpp:552:    {"marshal_size", _pyrpc_marshal_size, METH_VARARGS, NULL},
./rrr/pylib/simplerpc/_pyrpc.cpp:553:    {"marshal_write_i8", _pyrpc_marshal_write_i8, METH_VARARGS, NULL},
./rrr/pylib/simplerpc/_pyrpc.cpp:554:    {"marshal_read_i8", _pyrpc_marshal_read_i8, METH_VARARGS, NULL},
./rrr/pylib/simplerpc/_pyrpc.cpp:555:    {"marshal_write_i16", _pyrpc_marshal_write_i16, METH_VARARGS, NULL},
./rrr/pylib/simplerpc/_pyrpc.cpp:556:    {"marshal_read_i16", _pyrpc_marshal_read_i16, METH_VARARGS, NULL},
./rrr/pylib/simplerpc/_pyrpc.cpp:557:    {"marshal_write_i32", _pyrpc_marshal_write_i32, METH_VARARGS, NULL},
./rrr/pylib/simplerpc/_pyrpc.cpp:558:    {"marshal_read_i32", _pyrpc_marshal_read_i32, METH_VARARGS, NULL},
./rrr/pylib/simplerpc/_pyrpc.cpp:559:    {"marshal_write_i64", _pyrpc_marshal_write_i64, METH_VARARGS, NULL},
./rrr/pylib/simplerpc/_pyrpc.cpp:560:    {"marshal_read_i64", _pyrpc_marshal_read_i64, METH_VARARGS, NULL},
./rrr/pylib/simplerpc/_pyrpc.cpp:561:    {"marshal_write_v32", _pyrpc_marshal_write_v32, METH_VARARGS, NULL},
./rrr/pylib/simplerpc/_pyrpc.cpp:562:    {"marshal_read_v32", _pyrpc_marshal_read_v32, METH_VARARGS, NULL},
./rrr/pylib/simplerpc/_pyrpc.cpp:563:    {"marshal_write_v64", _pyrpc_marshal_write_v64, METH_VARARGS, NULL},
./rrr/pylib/simplerpc/_pyrpc.cpp:564:    {"marshal_read_v64", _pyrpc_marshal_read_v64, METH_VARARGS, NULL},
./rrr/pylib/simplerpc/_pyrpc.cpp:565:    {"marshal_write_double", _pyrpc_marshal_write_double, METH_VARARGS, NULL},
./rrr/pylib/simplerpc/_pyrpc.cpp:566:    {"marshal_read_double", _pyrpc_marshal_read_double, METH_VARARGS, NULL},
./rrr/pylib/simplerpc/_pyrpc.cpp:567:    {"marshal_write_str", _pyrpc_marshal_write_str, METH_VARARGS, NULL},
./rrr/pylib/simplerpc/_pyrpc.cpp:568:    {"marshal_read_str", _pyrpc_marshal_read_str, METH_VARARGS, NULL},
./rrr/pylib/simplerpc/_pyrpc.cpp:570:    {"future_wait", _pyrpc_future_wait, METH_VARARGS, NULL},
./rrr/pylib/simplerpc/_pyrpc.cpp:571:    {"future_timedwait", _pyrpc_future_timedwait, METH_VARARGS, NULL},
./rrr/pylib/simplerpc/_pyrpc.cpp:573:    {"helper_decr_ref", _pyrpc_helper_decr_ref, METH_VARARGS, NULL},
./rrr/pylib/simplerpc/_pyrpc.cpp:581:    "_pyrpc",
./rrr/pylib/simplerpc/_pyrpc.cpp:584:    _pyrpcMethods,
./rrr/pylib/simplerpc/_pyrpc.cpp:591:PyMODINIT_FUNC PyInit__pyrpc(void) {
./rrr/pylib/simplerpc/future.py:1:from simplerpc import _pyrpc
./rrr/pylib/simplerpc/future.py:24:            self.err_code, rep_marshal_id = _pyrpc.future_wait(self.id)
./rrr/pylib/simplerpc/future.py:27:            self.err_code, rep_marshal_id = _pyrpc.future_timedwait(self.id, timeout_msec)
./rrr/pylib/simplerpc/server.py:3:from simplerpc import _pyrpc
./rrr/pylib/simplerpc/server.py:46:        self.id = _pyrpc.init_server(n_threads)
./rrr/pylib/simplerpc/server.py:53:        _pyrpc.fini_server(self.id)
./rrr/pylib/simplerpc/server.py:57:        ret = _pyrpc.server_reg(self.id, rpc_id, rpc_func)
./rrr/pylib/simplerpc/server.py:59:            _pyrpc.helper_decr_ref(rpc_func)
./rrr/pylib/simplerpc/server.py:68:        _pyrpc.server_unreg(self.id, rpc_id)
./rrr/pylib/simplerpc/server.py:71:        _pyrpc.helper_decr_ref(rpc_func)
./rrr/pylib/simplerpc/server.py:74:        return _pyrpc.server_start(self.id, addr)
Binary file ./rrr/pylib/simplerpc/._pyrpc.cpp.swp matches
./rrr/pylib/simplerpc/client.py:5:from simplerpc import _pyrpc
./rrr/pylib/simplerpc/client.py:15:            Client.pollmgr = _pyrpc.init_poll_mgr()
./rrr/pylib/simplerpc/client.py:16:        self.id = _pyrpc.init_client(Client.pollmgr)
./rrr/pylib/simplerpc/client.py:21:            _pyrpc.fini_client(self.id)
./rrr/pylib/simplerpc/client.py:24:        return _pyrpc.client_connect(self.id, addr)
./rrr/pylib/simplerpc/client.py:28:        _pyrpc.fini_client(self.id)
./rrr/pylib/simplerpc/client.py:34:        fu_id = _pyrpc.client_async_call(self.id, rpc_id, req_m.id)
./rrr/pylib/simplerpc/client.py:43:        error_code, rep_marshal_id = _pyrpc.client_sync_call(self.id, rpc_id, req_m.id)
./dsef/run.py:38:from simplerpc import _pyrpc
./dsef/run.py:1202:        reload(_pyrpc)
Binary file ./.git/modules/rrr/index matches
Binary file ./build/rrr/pylib/simplerpc/_pyrpc.cpp.3.o matches
Binary file ./build/.wafpickle-linux-50660080-99 matches
